2025-01-26 18:04:32.102 WARNING (SyncWorker_0) [homeassistant.util.yaml.loader] YAML file /config/themes/m3-07-darkolivegreen/m3-07-darkolivegreen.yaml contains duplicate key "theme-sys-ha-disabled-text-color". Check lines 540 and 542
2025-01-26 18:04:32.102 WARNING (SyncWorker_0) [homeassistant.util.yaml.loader] YAML file /config/themes/m3-07-darkolivegreen/m3-07-darkolivegreen.yaml contains duplicate key "theme-sys-ha-card-background-color-active". Check lines 554 and 555
2025-01-26 18:04:32.103 WARNING (SyncWorker_0) [homeassistant.util.yaml.loader] YAML file /config/themes/m3-07-darkolivegreen/m3-07-darkolivegreen.yaml contains duplicate key "theme-sys-ha-accent-color". Check lines 861 and 884
2025-01-26 18:04:32.104 WARNING (SyncWorker_0) [homeassistant.util.yaml.loader] YAML file /config/themes/m3-07-darkolivegreen/m3-07-darkolivegreen.yaml contains duplicate key "label-badge-text-color". Check lines 1010 and 1080
2025-01-26 18:04:32.104 WARNING (SyncWorker_0) [homeassistant.util.yaml.loader] YAML file /config/themes/m3-07-darkolivegreen/m3-07-darkolivegreen.yaml contains duplicate key "ha-label-badge-label-color". Check lines 1011 and 1081
2025-01-26 18:04:32.168 WARNING (SyncWorker_0) [homeassistant.loader] We found a custom integration epex_spot which has not been tested by Home Assistant. This component might cause stability problems, be sure to disable it if you experience issues with Home Assistant
2025-01-26 18:04:32.169 WARNING (SyncWorker_0) [homeassistant.loader] We found a custom integration hacs which has not been tested by Home Assistant. This component might cause stability problems, be sure to disable it if you experience issues with Home Assistant
2025-01-26 18:04:32.169 WARNING (SyncWorker_0) [homeassistant.loader] We found a custom integration smarthuisje which has not been tested by Home Assistant. This component might cause stability problems, be sure to disable it if you experience issues with Home Assistant
2025-01-26 18:04:32.170 WARNING (SyncWorker_0) [homeassistant.loader] We found a custom integration nodered which has not been tested by Home Assistant. This component might cause stability problems, be sure to disable it if you experience issues with Home Assistant
2025-01-26 18:04:32.170 WARNING (SyncWorker_0) [homeassistant.loader] We found a custom integration circadian_lighting which has not been tested by Home Assistant. This component might cause stability problems, be sure to disable it if you experience issues with Home Assistant
2025-01-26 18:04:34.340 WARNING (SyncWorker_5) [homeassistant.util.yaml.loader] YAML file /config/themes/m3-07-darkolivegreen/m3-07-darkolivegreen.yaml contains duplicate key "theme-sys-ha-disabled-text-color". Check lines 540 and 542
2025-01-26 18:04:34.340 WARNING (SyncWorker_5) [homeassistant.util.yaml.loader] YAML file /config/themes/m3-07-darkolivegreen/m3-07-darkolivegreen.yaml contains duplicate key "theme-sys-ha-card-background-color-active". Check lines 554 and 555
2025-01-26 18:04:34.341 WARNING (SyncWorker_5) [homeassistant.util.yaml.loader] YAML file /config/themes/m3-07-darkolivegreen/m3-07-darkolivegreen.yaml contains duplicate key "theme-sys-ha-accent-color". Check lines 861 and 884
2025-01-26 18:04:34.342 WARNING (SyncWorker_5) [homeassistant.util.yaml.loader] YAML file /config/themes/m3-07-darkolivegreen/m3-07-darkolivegreen.yaml contains duplicate key "label-badge-text-color". Check lines 1010 and 1080
2025-01-26 18:04:34.342 WARNING (SyncWorker_5) [homeassistant.util.yaml.loader] YAML file /config/themes/m3-07-darkolivegreen/m3-07-darkolivegreen.yaml contains duplicate key "ha-label-badge-label-color". Check lines 1011 and 1081
2025-01-26 18:04:36.843 WARNING (MainThread) [aioesphomeapi.reconnect_logic] Can't connect to ESPHome API for doorbell @ 192.168.2.169: Error connecting to [AddrInfo(family=<AddressFamily.AF_INET: 2>, type=<SocketKind.SOCK_STREAM: 1>, proto=6, sockaddr=IPv4Sockaddr(address='192.168.2.169', port=6053))]: [Errno 111] Connect call failed ('192.168.2.169', 6053) (SocketAPIError)
2025-01-26 18:04:36.860 WARNING (MainThread) [aioesphomeapi.reconnect_logic] Can't connect to ESPHome API for schakelaar-kast @ 192.168.2.234: Error connecting to [AddrInfo(family=<AddressFamily.AF_INET: 2>, type=<SocketKind.SOCK_STREAM: 1>, proto=6, sockaddr=IPv4Sockaddr(address='192.168.2.234', port=6053))]: [Errno 111] Connect call failed ('192.168.2.234', 6053) (SocketAPIError)
2025-01-26 18:04:36.896 ERROR (MainThread) [homeassistant.components.automation] Automation with alias 'tab s6 lite kiosk' failed to setup triggers and has been disabled: Unknown device '3e278365fb567db4d4748df3c4c3190f'
2025-01-26 18:05:14.786 WARNING (MainThread) [custom_components.smarthuisje.coordinator] WebSocket-verbinding gesloten: sent 1011 (internal error) keepalive ping timeout; no close frame received. Opnieuw verbinden...
2025-01-26 18:06:00.082 WARNING (MainThread) [custom_components.smarthuisje.coordinator] WebSocket-verbinding gesloten: sent 1011 (internal error) keepalive ping timeout; no close frame received. Opnieuw verbinden...
2025-01-26 18:06:45.404 WARNING (MainThread) [custom_components.smarthuisje.coordinator] WebSocket-verbinding gesloten: sent 1011 (internal error) keepalive ping timeout; no close frame received. Opnieuw verbinden...
2025-01-26 18:07:30.673 WARNING (MainThread) [custom_components.smarthuisje.coordinator] WebSocket-verbinding gesloten: sent 1011 (internal error) keepalive ping timeout; no close frame received. Opnieuw verbinden...
2025-01-26 18:08:15.958 WARNING (MainThread) [custom_components.smarthuisje.coordinator] WebSocket-verbinding gesloten: sent 1011 (internal error) keepalive ping timeout; no close frame received. Opnieuw verbinden...
2025-01-26 18:09:01.251 WARNING (MainThread) [custom_components.smarthuisje.coordinator] WebSocket-verbinding gesloten: sent 1011 (internal error) keepalive ping timeout; no close frame received. Opnieuw verbinden...
2025-01-26 18:09:46.544 WARNING (MainThread) [custom_components.smarthuisje.coordinator] WebSocket-verbinding gesloten: sent 1011 (internal error) keepalive ping timeout; no close frame received. Opnieuw verbinden...
2025-01-26 18:10:31.839 WARNING (MainThread) [custom_components.smarthuisje.coordinator] WebSocket-verbinding gesloten: sent 1011 (internal error) keepalive ping timeout; no close frame received. Opnieuw verbinden...
2025-01-26 18:11:17.136 WARNING (MainThread) [custom_components.smarthuisje.coordinator] WebSocket-verbinding gesloten: sent 1011 (internal error) keepalive ping timeout; no close frame received. Opnieuw verbinden...
2025-01-26 18:12:02.438 WARNING (MainThread) [custom_components.smarthuisje.coordinator] WebSocket-verbinding gesloten: sent 1011 (internal error) keepalive ping timeout; no close frame received. Opnieuw verbinden...
2025-01-26 18:12:47.747 WARNING (MainThread) [custom_components.smarthuisje.coordinator] WebSocket-verbinding gesloten: sent 1011 (internal error) keepalive ping timeout; no close frame received. Opnieuw verbinden...
2025-01-26 18:13:33.058 WARNING (MainThread) [custom_components.smarthuisje.coordinator] WebSocket-verbinding gesloten: sent 1011 (internal error) keepalive ping timeout; no close frame received. Opnieuw verbinden...
2025-01-26 18:14:18.361 WARNING (MainThread) [custom_components.smarthuisje.coordinator] WebSocket-verbinding gesloten: sent 1011 (internal error) keepalive ping timeout; no close frame received. Opnieuw verbinden...
2025-01-26 18:15:03.658 WARNING (MainThread) [custom_components.smarthuisje.coordinator] WebSocket-verbinding gesloten: sent 1011 (internal error) keepalive ping timeout; no close frame received. Opnieuw verbinden...
2025-01-26 18:15:48.968 WARNING (MainThread) [custom_components.smarthuisje.coordinator] WebSocket-verbinding gesloten: sent 1011 (internal error) keepalive ping timeout; no close frame received. Opnieuw verbinden...
2025-01-26 18:16:34.268 WARNING (MainThread) [custom_components.smarthuisje.coordinator] WebSocket-verbinding gesloten: sent 1011 (internal error) keepalive ping timeout; no close frame received. Opnieuw verbinden...
2025-01-26 18:17:19.559 WARNING (MainThread) [custom_components.smarthuisje.coordinator] WebSocket-verbinding gesloten: sent 1011 (internal error) keepalive ping timeout; no close frame received. Opnieuw verbinden...
2025-01-26 18:18:04.858 WARNING (MainThread) [custom_components.smarthuisje.coordinator] WebSocket-verbinding gesloten: sent 1011 (internal error) keepalive ping timeout; no close frame received. Opnieuw verbinden...
2025-01-26 18:18:50.177 WARNING (MainThread) [custom_components.smarthuisje.coordinator] WebSocket-verbinding gesloten: sent 1011 (internal error) keepalive ping timeout; no close frame received. Opnieuw verbinden...
2025-01-26 18:19:35.471 WARNING (MainThread) [custom_components.smarthuisje.coordinator] WebSocket-verbinding gesloten: sent 1011 (internal error) keepalive ping timeout; no close frame received. Opnieuw verbinden...
2025-01-26 18:20:20.759 WARNING (MainThread) [custom_components.smarthuisje.coordinator] WebSocket-verbinding gesloten: sent 1011 (internal error) keepalive ping timeout; no close frame received. Opnieuw verbinden...
2025-01-26 18:21:06.042 WARNING (MainThread) [custom_components.smarthuisje.coordinator] WebSocket-verbinding gesloten: sent 1011 (internal error) keepalive ping timeout; no close frame received. Opnieuw verbinden...
2025-01-26 18:21:51.331 WARNING (MainThread) [custom_components.smarthuisje.coordinator] WebSocket-verbinding gesloten: sent 1011 (internal error) keepalive ping timeout; no close frame received. Opnieuw verbinden...
2025-01-26 18:22:36.647 WARNING (MainThread) [custom_components.smarthuisje.coordinator] WebSocket-verbinding gesloten: sent 1011 (internal error) keepalive ping timeout; no close frame received. Opnieuw verbinden...
2025-01-26 18:23:21.943 WARNING (MainThread) [custom_components.smarthuisje.coordinator] WebSocket-verbinding gesloten: sent 1011 (internal error) keepalive ping timeout; no close frame received. Opnieuw verbinden...
2025-01-26 18:24:07.216 WARNING (MainThread) [custom_components.smarthuisje.coordinator] WebSocket-verbinding gesloten: sent 1011 (internal error) keepalive ping timeout; no close frame received. Opnieuw verbinden...
2025-01-26 18:24:52.517 WARNING (MainThread) [custom_components.smarthuisje.coordinator] WebSocket-verbinding gesloten: sent 1011 (internal error) keepalive ping timeout; no close frame received. Opnieuw verbinden...
2025-01-26 18:25:37.835 WARNING (MainThread) [custom_components.smarthuisje.coordinator] WebSocket-verbinding gesloten: sent 1011 (internal error) keepalive ping timeout; no close frame received. Opnieuw verbinden...
2025-01-26 18:26:23.116 WARNING (MainThread) [custom_components.smarthuisje.coordinator] WebSocket-verbinding gesloten: sent 1011 (internal error) keepalive ping timeout; no close frame received. Opnieuw verbinden...
2025-01-26 18:27:08.416 WARNING (MainThread) [custom_components.smarthuisje.coordinator] WebSocket-verbinding gesloten: sent 1011 (internal error) keepalive ping timeout; no close frame received. Opnieuw verbinden...
2025-01-26 18:27:53.707 WARNING (MainThread) [custom_components.smarthuisje.coordinator] WebSocket-verbinding gesloten: sent 1011 (internal error) keepalive ping timeout; no close frame received. Opnieuw verbinden...
2025-01-26 18:28:39.017 WARNING (MainThread) [custom_components.smarthuisje.coordinator] WebSocket-verbinding gesloten: sent 1011 (internal error) keepalive ping timeout; no close frame received. Opnieuw verbinden...
2025-01-26 18:29:24.305 WARNING (MainThread) [custom_components.smarthuisje.coordinator] WebSocket-verbinding gesloten: sent 1011 (internal error) keepalive ping timeout; no close frame received. Opnieuw verbinden...
2025-01-26 18:30:09.602 WARNING (MainThread) [custom_components.smarthuisje.coordinator] WebSocket-verbinding gesloten: sent 1011 (internal error) keepalive ping timeout; no close frame received. Opnieuw verbinden...
2025-01-26 18:30:54.874 WARNING (MainThread) [custom_components.smarthuisje.coordinator] WebSocket-verbinding gesloten: sent 1011 (internal error) keepalive ping timeout; no close frame received. Opnieuw verbinden...
2025-01-26 18:31:40.185 WARNING (MainThread) [custom_components.smarthuisje.coordinator] WebSocket-verbinding gesloten: sent 1011 (internal error) keepalive ping timeout; no close frame received. Opnieuw verbinden...
2025-01-26 18:32:25.494 WARNING (MainThread) [custom_components.smarthuisje.coordinator] WebSocket-verbinding gesloten: sent 1011 (internal error) keepalive ping timeout; no close frame received. Opnieuw verbinden...
2025-01-26 18:33:10.781 WARNING (MainThread) [custom_components.smarthuisje.coordinator] WebSocket-verbinding gesloten: sent 1011 (internal error) keepalive ping timeout; no close frame received. Opnieuw verbinden...
2025-01-26 18:33:56.055 WARNING (MainThread) [custom_components.smarthuisje.coordinator] WebSocket-verbinding gesloten: sent 1011 (internal error) keepalive ping timeout; no close frame received. Opnieuw verbinden...
2025-01-26 18:34:41.374 WARNING (MainThread) [custom_components.smarthuisje.coordinator] WebSocket-verbinding gesloten: sent 1011 (internal error) keepalive ping timeout; no close frame received. Opnieuw verbinden...
2025-01-26 18:35:26.676 WARNING (MainThread) [custom_components.smarthuisje.coordinator] WebSocket-verbinding gesloten: sent 1011 (internal error) keepalive ping timeout; no close frame received. Opnieuw verbinden...
2025-01-26 18:36:11.968 WARNING (MainThread) [custom_components.smarthuisje.coordinator] WebSocket-verbinding gesloten: sent 1011 (internal error) keepalive ping timeout; no close frame received. Opnieuw verbinden...
2025-01-26 18:36:57.269 WARNING (MainThread) [custom_components.smarthuisje.coordinator] WebSocket-verbinding gesloten: sent 1011 (internal error) keepalive ping timeout; no close frame received. Opnieuw verbinden...
2025-01-26 18:37:42.556 WARNING (MainThread) [custom_components.smarthuisje.coordinator] WebSocket-verbinding gesloten: sent 1011 (internal error) keepalive ping timeout; no close frame received. Opnieuw verbinden...
2025-01-26 18:38:27.864 WARNING (MainThread) [custom_components.smarthuisje.coordinator] WebSocket-verbinding gesloten: sent 1011 (internal error) keepalive ping timeout; no close frame received. Opnieuw verbinden...
2025-01-26 18:39:13.165 WARNING (MainThread) [custom_components.smarthuisje.coordinator] WebSocket-verbinding gesloten: sent 1011 (internal error) keepalive ping timeout; no close frame received. Opnieuw verbinden...
2025-01-26 18:39:58.459 WARNING (MainThread) [custom_components.smarthuisje.coordinator] WebSocket-verbinding gesloten: sent 1011 (internal error) keepalive ping timeout; no close frame received. Opnieuw verbinden...
2025-01-26 18:40:43.759 WARNING (MainThread) [custom_components.smarthuisje.coordinator] WebSocket-verbinding gesloten: sent 1011 (internal error) keepalive ping timeout; no close frame received. Opnieuw verbinden...
2025-01-26 18:41:29.055 WARNING (MainThread) [custom_components.smarthuisje.coordinator] WebSocket-verbinding gesloten: sent 1011 (internal error) keepalive ping timeout; no close frame received. Opnieuw verbinden...
2025-01-26 18:42:14.363 WARNING (MainThread) [custom_components.smarthuisje.coordinator] WebSocket-verbinding gesloten: sent 1011 (internal error) keepalive ping timeout; no close frame received. Opnieuw verbinden...
2025-01-26 18:42:59.660 WARNING (MainThread) [custom_components.smarthuisje.coordinator] WebSocket-verbinding gesloten: sent 1011 (internal error) keepalive ping timeout; no close frame received. Opnieuw verbinden...
2025-01-26 18:43:44.962 WARNING (MainThread) [custom_components.smarthuisje.coordinator] WebSocket-verbinding gesloten: sent 1011 (internal error) keepalive ping timeout; no close frame received. Opnieuw verbinden...
2025-01-26 18:44:30.269 WARNING (MainThread) [custom_components.smarthuisje.coordinator] WebSocket-verbinding gesloten: sent 1011 (internal error) keepalive ping timeout; no close frame received. Opnieuw verbinden...
2025-01-26 18:45:15.584 WARNING (MainThread) [custom_components.smarthuisje.coordinator] WebSocket-verbinding gesloten: sent 1011 (internal error) keepalive ping timeout; no close frame received. Opnieuw verbinden...
2025-01-26 18:46:00.857 WARNING (MainThread) [custom_components.smarthuisje.coordinator] WebSocket-verbinding gesloten: sent 1011 (internal error) keepalive ping timeout; no close frame received. Opnieuw verbinden...
2025-01-26 18:46:46.158 WARNING (MainThread) [custom_components.smarthuisje.coordinator] WebSocket-verbinding gesloten: sent 1011 (internal error) keepalive ping timeout; no close frame received. Opnieuw verbinden...
2025-01-26 18:47:31.461 WARNING (MainThread) [custom_components.smarthuisje.coordinator] WebSocket-verbinding gesloten: sent 1011 (internal error) keepalive ping timeout; no close frame received. Opnieuw verbinden...
2025-01-26 18:48:16.769 WARNING (MainThread) [custom_components.smarthuisje.coordinator] WebSocket-verbinding gesloten: sent 1011 (internal error) keepalive ping timeout; no close frame received. Opnieuw verbinden...
2025-01-26 18:49:02.059 WARNING (MainThread) [custom_components.smarthuisje.coordinator] WebSocket-verbinding gesloten: sent 1011 (internal error) keepalive ping timeout; no close frame received. Opnieuw verbinden...
2025-01-26 18:49:47.360 WARNING (MainThread) [custom_components.smarthuisje.coordinator] WebSocket-verbinding gesloten: sent 1011 (internal error) keepalive ping timeout; no close frame received. Opnieuw verbinden...
2025-01-26 18:50:32.672 WARNING (MainThread) [custom_components.smarthuisje.coordinator] WebSocket-verbinding gesloten: sent 1011 (internal error) keepalive ping timeout; no close frame received. Opnieuw verbinden...
2025-01-26 18:51:17.971 WARNING (MainThread) [custom_components.smarthuisje.coordinator] WebSocket-verbinding gesloten: sent 1011 (internal error) keepalive ping timeout; no close frame received. Opnieuw verbinden...
2025-01-26 18:52:03.254 WARNING (MainThread) [custom_components.smarthuisje.coordinator] WebSocket-verbinding gesloten: sent 1011 (internal error) keepalive ping timeout; no close frame received. Opnieuw verbinden...
2025-01-26 18:52:48.556 WARNING (MainThread) [custom_components.smarthuisje.coordinator] WebSocket-verbinding gesloten: sent 1011 (internal error) keepalive ping timeout; no close frame received. Opnieuw verbinden...
2025-01-26 18:53:33.874 WARNING (MainThread) [custom_components.smarthuisje.coordinator] WebSocket-verbinding gesloten: sent 1011 (internal error) keepalive ping timeout; no close frame received. Opnieuw verbinden...
2025-01-26 18:54:19.156 WARNING (MainThread) [custom_components.smarthuisje.coordinator] WebSocket-verbinding gesloten: sent 1011 (internal error) keepalive ping timeout; no close frame received. Opnieuw verbinden...
2025-01-26 18:55:04.423 WARNING (MainThread) [custom_components.smarthuisje.coordinator] WebSocket-verbinding gesloten: sent 1011 (internal error) keepalive ping timeout; no close frame received. Opnieuw verbinden...
2025-01-26 18:55:49.730 WARNING (MainThread) [custom_components.smarthuisje.coordinator] WebSocket-verbinding gesloten: sent 1011 (internal error) keepalive ping timeout; no close frame received. Opnieuw verbinden...
2025-01-26 18:56:35.016 WARNING (MainThread) [custom_components.smarthuisje.coordinator] WebSocket-verbinding gesloten: sent 1011 (internal error) keepalive ping timeout; no close frame received. Opnieuw verbinden...
2025-01-26 18:57:20.307 WARNING (MainThread) [custom_components.smarthuisje.coordinator] WebSocket-verbinding gesloten: sent 1011 (internal error) keepalive ping timeout; no close frame received. Opnieuw verbinden...
2025-01-26 18:58:05.605 WARNING (MainThread) [custom_components.smarthuisje.coordinator] WebSocket-verbinding gesloten: sent 1011 (internal error) keepalive ping timeout; no close frame received. Opnieuw verbinden...
2025-01-26 18:58:50.883 WARNING (MainThread) [custom_components.smarthuisje.coordinator] WebSocket-verbinding gesloten: sent 1011 (internal error) keepalive ping timeout; no close frame received. Opnieuw verbinden...
2025-01-26 18:59:36.168 WARNING (MainThread) [custom_components.smarthuisje.coordinator] WebSocket-verbinding gesloten: sent 1011 (internal error) keepalive ping timeout; no close frame received. Opnieuw verbinden...
2025-01-26 19:00:21.450 WARNING (MainThread) [custom_components.smarthuisje.coordinator] WebSocket-verbinding gesloten: sent 1011 (internal error) keepalive ping timeout; no close frame received. Opnieuw verbinden...
2025-01-26 19:01:06.738 WARNING (MainThread) [custom_components.smarthuisje.coordinator] WebSocket-verbinding gesloten: sent 1011 (internal error) keepalive ping timeout; no close frame received. Opnieuw verbinden...
2025-01-26 19:01:52.029 WARNING (MainThread) [custom_components.smarthuisje.coordinator] WebSocket-verbinding gesloten: sent 1011 (internal error) keepalive ping timeout; no close frame received. Opnieuw verbinden...
2025-01-26 19:02:37.329 WARNING (MainThread) [custom_components.smarthuisje.coordinator] WebSocket-verbinding gesloten: sent 1011 (internal error) keepalive ping timeout; no close frame received. Opnieuw verbinden...
2025-01-26 19:03:22.617 WARNING (MainThread) [custom_components.smarthuisje.coordinator] WebSocket-verbinding gesloten: sent 1011 (internal error) keepalive ping timeout; no close frame received. Opnieuw verbinden...
2025-01-26 19:04:07.907 WARNING (MainThread) [custom_components.smarthuisje.coordinator] WebSocket-verbinding gesloten: sent 1011 (internal error) keepalive ping timeout; no close frame received. Opnieuw verbinden...
2025-01-26 19:04:53.185 WARNING (MainThread) [custom_components.smarthuisje.coordinator] WebSocket-verbinding gesloten: sent 1011 (internal error) keepalive ping timeout; no close frame received. Opnieuw verbinden...
2025-01-26 19:05:38.461 WARNING (MainThread) [custom_components.smarthuisje.coordinator] WebSocket-verbinding gesloten: sent 1011 (internal error) keepalive ping timeout; no close frame received. Opnieuw verbinden...
2025-01-26 19:06:23.747 WARNING (MainThread) [custom_components.smarthuisje.coordinator] WebSocket-verbinding gesloten: sent 1011 (internal error) keepalive ping timeout; no close frame received. Opnieuw verbinden...
2025-01-26 19:07:09.048 WARNING (MainThread) [custom_components.smarthuisje.coordinator] WebSocket-verbinding gesloten: sent 1011 (internal error) keepalive ping timeout; no close frame received. Opnieuw verbinden...
2025-01-26 19:07:54.339 WARNING (MainThread) [custom_components.smarthuisje.coordinator] WebSocket-verbinding gesloten: sent 1011 (internal error) keepalive ping timeout; no close frame received. Opnieuw verbinden...
2025-01-26 19:08:39.621 WARNING (MainThread) [custom_components.smarthuisje.coordinator] WebSocket-verbinding gesloten: sent 1011 (internal error) keepalive ping timeout; no close frame received. Opnieuw verbinden...
2025-01-26 19:09:24.940 WARNING (MainThread) [custom_components.smarthuisje.coordinator] WebSocket-verbinding gesloten: sent 1011 (internal error) keepalive ping timeout; no close frame received. Opnieuw verbinden...
2025-01-26 19:10:10.258 WARNING (MainThread) [custom_components.smarthuisje.coordinator] WebSocket-verbinding gesloten: sent 1011 (internal error) keepalive ping timeout; no close frame received. Opnieuw verbinden...
2025-01-26 19:10:55.558 WARNING (MainThread) [custom_components.smarthuisje.coordinator] WebSocket-verbinding gesloten: sent 1011 (internal error) keepalive ping timeout; no close frame received. Opnieuw verbinden...
2025-01-26 19:11:40.838 WARNING (MainThread) [custom_components.smarthuisje.coordinator] WebSocket-verbinding gesloten: sent 1011 (internal error) keepalive ping timeout; no close frame received. Opnieuw verbinden...
2025-01-26 19:12:26.130 WARNING (MainThread) [custom_components.smarthuisje.coordinator] WebSocket-verbinding gesloten: sent 1011 (internal error) keepalive ping timeout; no close frame received. Opnieuw verbinden...
2025-01-26 19:13:11.433 WARNING (MainThread) [custom_components.smarthuisje.coordinator] WebSocket-verbinding gesloten: sent 1011 (internal error) keepalive ping timeout; no close frame received. Opnieuw verbinden...
2025-01-26 19:13:56.709 WARNING (MainThread) [custom_components.smarthuisje.coordinator] WebSocket-verbinding gesloten: sent 1011 (internal error) keepalive ping timeout; no close frame received. Opnieuw verbinden...
2025-01-26 19:14:42.001 WARNING (MainThread) [custom_components.smarthuisje.coordinator] WebSocket-verbinding gesloten: sent 1011 (internal error) keepalive ping timeout; no close frame received. Opnieuw verbinden...
2025-01-26 19:15:27.291 WARNING (MainThread) [custom_components.smarthuisje.coordinator] WebSocket-verbinding gesloten: sent 1011 (internal error) keepalive ping timeout; no close frame received. Opnieuw verbinden...
2025-01-26 19:16:12.589 WARNING (MainThread) [custom_components.smarthuisje.coordinator] WebSocket-verbinding gesloten: sent 1011 (internal error) keepalive ping timeout; no close frame received. Opnieuw verbinden...
2025-01-26 19:16:57.879 WARNING (MainThread) [custom_components.smarthuisje.coordinator] WebSocket-verbinding gesloten: sent 1011 (internal error) keepalive ping timeout; no close frame received. Opnieuw verbinden...
2025-01-26 19:17:43.191 WARNING (MainThread) [custom_components.smarthuisje.coordinator] WebSocket-verbinding gesloten: sent 1011 (internal error) keepalive ping timeout; no close frame received. Opnieuw verbinden...
2025-01-26 19:18:28.490 WARNING (MainThread) [custom_components.smarthuisje.coordinator] WebSocket-verbinding gesloten: sent 1011 (internal error) keepalive ping timeout; no close frame received. Opnieuw verbinden...
2025-01-26 19:19:13.788 WARNING (MainThread) [custom_components.smarthuisje.coordinator] WebSocket-verbinding gesloten: sent 1011 (internal error) keepalive ping timeout; no close frame received. Opnieuw verbinden...
2025-01-26 19:19:59.092 WARNING (MainThread) [custom_components.smarthuisje.coordinator] WebSocket-verbinding gesloten: sent 1011 (internal error) keepalive ping timeout; no close frame received. Opnieuw verbinden...
2025-01-26 19:20:44.392 WARNING (MainThread) [custom_components.smarthuisje.coordinator] WebSocket-verbinding gesloten: sent 1011 (internal error) keepalive ping timeout; no close frame received. Opnieuw verbinden...
2025-01-26 19:21:29.679 WARNING (MainThread) [custom_components.smarthuisje.coordinator] WebSocket-verbinding gesloten: sent 1011 (internal error) keepalive ping timeout; no close frame received. Opnieuw verbinden...
2025-01-26 19:22:15.006 WARNING (MainThread) [custom_components.smarthuisje.coordinator] WebSocket-verbinding gesloten: sent 1011 (internal error) keepalive ping timeout; no close frame received. Opnieuw verbinden...
2025-01-26 19:23:00.322 WARNING (MainThread) [custom_components.smarthuisje.coordinator] WebSocket-verbinding gesloten: sent 1011 (internal error) keepalive ping timeout; no close frame received. Opnieuw verbinden...
2025-01-26 19:23:45.624 WARNING (MainThread) [custom_components.smarthuisje.coordinator] WebSocket-verbinding gesloten: sent 1011 (internal error) keepalive ping timeout; no close frame received. Opnieuw verbinden...
2025-01-26 19:24:30.940 WARNING (MainThread) [custom_components.smarthuisje.coordinator] WebSocket-verbinding gesloten: sent 1011 (internal error) keepalive ping timeout; no close frame received. Opnieuw verbinden...
2025-01-26 19:25:16.243 WARNING (MainThread) [custom_components.smarthuisje.coordinator] WebSocket-verbinding gesloten: sent 1011 (internal error) keepalive ping timeout; no close frame received. Opnieuw verbinden...
2025-01-26 19:26:01.572 WARNING (MainThread) [custom_components.smarthuisje.coordinator] WebSocket-verbinding gesloten: sent 1011 (internal error) keepalive ping timeout; no close frame received. Opnieuw verbinden...
2025-01-26 19:26:46.856 WARNING (MainThread) [custom_components.smarthuisje.coordinator] WebSocket-verbinding gesloten: sent 1011 (internal error) keepalive ping timeout; no close frame received. Opnieuw verbinden...
2025-01-26 19:27:32.156 WARNING (MainThread) [custom_components.smarthuisje.coordinator] WebSocket-verbinding gesloten: sent 1011 (internal error) keepalive ping timeout; no close frame received. Opnieuw verbinden...
2025-01-26 19:28:17.437 WARNING (MainThread) [custom_components.smarthuisje.coordinator] WebSocket-verbinding gesloten: sent 1011 (internal error) keepalive ping timeout; no close frame received. Opnieuw verbinden...
2025-01-26 19:29:02.739 WARNING (MainThread) [custom_components.smarthuisje.coordinator] WebSocket-verbinding gesloten: sent 1011 (internal error) keepalive ping timeout; no close frame received. Opnieuw verbinden...
2025-01-26 19:29:48.027 WARNING (MainThread) [custom_components.smarthuisje.coordinator] WebSocket-verbinding gesloten: sent 1011 (internal error) keepalive ping timeout; no close frame received. Opnieuw verbinden...
2025-01-26 19:30:33.308 WARNING (MainThread) [custom_components.smarthuisje.coordinator] WebSocket-verbinding gesloten: sent 1011 (internal error) keepalive ping timeout; no close frame received. Opnieuw verbinden...
2025-01-26 19:31:18.587 WARNING (MainThread) [custom_components.smarthuisje.coordinator] WebSocket-verbinding gesloten: sent 1011 (internal error) keepalive ping timeout; no close frame received. Opnieuw verbinden...
2025-01-26 19:32:03.887 WARNING (MainThread) [custom_components.smarthuisje.coordinator] WebSocket-verbinding gesloten: sent 1011 (internal error) keepalive ping timeout; no close frame received. Opnieuw verbinden...
2025-01-26 19:32:49.199 WARNING (MainThread) [custom_components.smarthuisje.coordinator] WebSocket-verbinding gesloten: sent 1011 (internal error) keepalive ping timeout; no close frame received. Opnieuw verbinden...
2025-01-26 19:33:34.482 WARNING (MainThread) [custom_components.smarthuisje.coordinator] WebSocket-verbinding gesloten: sent 1011 (internal error) keepalive ping timeout; no close frame received. Opnieuw verbinden...
2025-01-26 19:34:19.789 WARNING (MainThread) [custom_components.smarthuisje.coordinator] WebSocket-verbinding gesloten: sent 1011 (internal error) keepalive ping timeout; no close frame received. Opnieuw verbinden...
2025-01-26 19:35:05.092 WARNING (MainThread) [custom_components.smarthuisje.coordinator] WebSocket-verbinding gesloten: sent 1011 (internal error) keepalive ping timeout; no close frame received. Opnieuw verbinden...
2025-01-26 19:35:50.417 WARNING (MainThread) [custom_components.smarthuisje.coordinator] WebSocket-verbinding gesloten: sent 1011 (internal error) keepalive ping timeout; no close frame received. Opnieuw verbinden...
2025-01-26 19:36:35.700 WARNING (MainThread) [custom_components.smarthuisje.coordinator] WebSocket-verbinding gesloten: sent 1011 (internal error) keepalive ping timeout; no close frame received. Opnieuw verbinden...
2025-01-26 19:37:21.000 WARNING (MainThread) [custom_components.smarthuisje.coordinator] WebSocket-verbinding gesloten: sent 1011 (internal error) keepalive ping timeout; no close frame received. Opnieuw verbinden...
2025-01-26 19:38:06.302 WARNING (MainThread) [custom_components.smarthuisje.coordinator] WebSocket-verbinding gesloten: sent 1011 (internal error) keepalive ping timeout; no close frame received. Opnieuw verbinden...
2025-01-26 19:38:51.594 WARNING (MainThread) [custom_components.smarthuisje.coordinator] WebSocket-verbinding gesloten: sent 1011 (internal error) keepalive ping timeout; no close frame received. Opnieuw verbinden...
2025-01-26 19:39:36.899 WARNING (MainThread) [custom_components.smarthuisje.coordinator] WebSocket-verbinding gesloten: sent 1011 (internal error) keepalive ping timeout; no close frame received. Opnieuw verbinden...
2025-01-26 19:40:22.190 WARNING (MainThread) [custom_components.smarthuisje.coordinator] WebSocket-verbinding gesloten: sent 1011 (internal error) keepalive ping timeout; no close frame received. Opnieuw verbinden...
2025-01-26 19:41:07.504 WARNING (MainThread) [custom_components.smarthuisje.coordinator] WebSocket-verbinding gesloten: sent 1011 (internal error) keepalive ping timeout; no close frame received. Opnieuw verbinden...
2025-01-26 19:41:52.791 WARNING (MainThread) [custom_components.smarthuisje.coordinator] WebSocket-verbinding gesloten: sent 1011 (internal error) keepalive ping timeout; no close frame received. Opnieuw verbinden...
2025-01-26 19:42:38.094 WARNING (MainThread) [custom_components.smarthuisje.coordinator] WebSocket-verbinding gesloten: sent 1011 (internal error) keepalive ping timeout; no close frame received. Opnieuw verbinden...
2025-01-26 19:43:23.402 WARNING (MainThread) [custom_components.smarthuisje.coordinator] WebSocket-verbinding gesloten: sent 1011 (internal error) keepalive ping timeout; no close frame received. Opnieuw verbinden...
2025-01-26 19:44:08.701 WARNING (MainThread) [custom_components.smarthuisje.coordinator] WebSocket-verbinding gesloten: sent 1011 (internal error) keepalive ping timeout; no close frame received. Opnieuw verbinden...
2025-01-26 19:44:54.021 WARNING (MainThread) [custom_components.smarthuisje.coordinator] WebSocket-verbinding gesloten: sent 1011 (internal error) keepalive ping timeout; no close frame received. Opnieuw verbinden...
2025-01-26 19:45:39.313 WARNING (MainThread) [custom_components.smarthuisje.coordinator] WebSocket-verbinding gesloten: sent 1011 (internal error) keepalive ping timeout; no close frame received. Opnieuw verbinden...
2025-01-26 19:46:24.585 WARNING (MainThread) [custom_components.smarthuisje.coordinator] WebSocket-verbinding gesloten: sent 1011 (internal error) keepalive ping timeout; no close frame received. Opnieuw verbinden...
2025-01-26 19:47:09.886 WARNING (MainThread) [custom_components.smarthuisje.coordinator] WebSocket-verbinding gesloten: sent 1011 (internal error) keepalive ping timeout; no close frame received. Opnieuw verbinden...
2025-01-26 19:47:55.172 WARNING (MainThread) [custom_components.smarthuisje.coordinator] WebSocket-verbinding gesloten: sent 1011 (internal error) keepalive ping timeout; no close frame received. Opnieuw verbinden...
2025-01-26 19:48:40.431 WARNING (MainThread) [custom_components.smarthuisje.coordinator] WebSocket-verbinding gesloten: sent 1011 (internal error) keepalive ping timeout; no close frame received. Opnieuw verbinden...
2025-01-26 19:49:25.725 WARNING (MainThread) [custom_components.smarthuisje.coordinator] WebSocket-verbinding gesloten: sent 1011 (internal error) keepalive ping timeout; no close frame received. Opnieuw verbinden...
2025-01-26 19:50:11.017 WARNING (MainThread) [custom_components.smarthuisje.coordinator] WebSocket-verbinding gesloten: sent 1011 (internal error) keepalive ping timeout; no close frame received. Opnieuw verbinden...
2025-01-26 19:50:56.307 WARNING (MainThread) [custom_components.smarthuisje.coordinator] WebSocket-verbinding gesloten: sent 1011 (internal error) keepalive ping timeout; no close frame received. Opnieuw verbinden...
2025-01-26 19:51:41.607 WARNING (MainThread) [custom_components.smarthuisje.coordinator] WebSocket-verbinding gesloten: sent 1011 (internal error) keepalive ping timeout; no close frame received. Opnieuw verbinden...
2025-01-26 19:52:26.914 WARNING (MainThread) [custom_components.smarthuisje.coordinator] WebSocket-verbinding gesloten: sent 1011 (internal error) keepalive ping timeout; no close frame received. Opnieuw verbinden...
2025-01-26 19:53:12.212 WARNING (MainThread) [custom_components.smarthuisje.coordinator] WebSocket-verbinding gesloten: sent 1011 (internal error) keepalive ping timeout; no close frame received. Opnieuw verbinden...
2025-01-26 19:53:57.527 WARNING (MainThread) [custom_components.smarthuisje.coordinator] WebSocket-verbinding gesloten: sent 1011 (internal error) keepalive ping timeout; no close frame received. Opnieuw verbinden...
2025-01-26 19:54:42.836 WARNING (MainThread) [custom_components.smarthuisje.coordinator] WebSocket-verbinding gesloten: sent 1011 (internal error) keepalive ping timeout; no close frame received. Opnieuw verbinden...
2025-01-26 19:55:28.145 WARNING (MainThread) [custom_components.smarthuisje.coordinator] WebSocket-verbinding gesloten: sent 1011 (internal error) keepalive ping timeout; no close frame received. Opnieuw verbinden...
2025-01-26 19:56:13.432 WARNING (MainThread) [custom_components.smarthuisje.coordinator] WebSocket-verbinding gesloten: sent 1011 (internal error) keepalive ping timeout; no close frame received. Opnieuw verbinden...
2025-01-26 19:56:58.725 WARNING (MainThread) [custom_components.smarthuisje.coordinator] WebSocket-verbinding gesloten: sent 1011 (internal error) keepalive ping timeout; no close frame received. Opnieuw verbinden...
2025-01-26 19:57:44.021 WARNING (MainThread) [custom_components.smarthuisje.coordinator] WebSocket-verbinding gesloten: sent 1011 (internal error) keepalive ping timeout; no close frame received. Opnieuw verbinden...
2025-01-26 19:58:29.317 WARNING (MainThread) [custom_components.smarthuisje.coordinator] WebSocket-verbinding gesloten: sent 1011 (internal error) keepalive ping timeout; no close frame received. Opnieuw verbinden...
2025-01-26 19:59:14.619 WARNING (MainThread) [custom_components.smarthuisje.coordinator] WebSocket-verbinding gesloten: sent 1011 (internal error) keepalive ping timeout; no close frame received. Opnieuw verbinden...
2025-01-26 19:59:59.899 WARNING (MainThread) [custom_components.smarthuisje.coordinator] WebSocket-verbinding gesloten: sent 1011 (internal error) keepalive ping timeout; no close frame received. Opnieuw verbinden...
2025-01-26 20:00:45.218 WARNING (MainThread) [custom_components.smarthuisje.coordinator] WebSocket-verbinding gesloten: sent 1011 (internal error) keepalive ping timeout; no close frame received. Opnieuw verbinden...
2025-01-26 20:01:30.519 WARNING (MainThread) [custom_components.smarthuisje.coordinator] WebSocket-verbinding gesloten: sent 1011 (internal error) keepalive ping timeout; no close frame received. Opnieuw verbinden...
2025-01-26 20:02:15.802 WARNING (MainThread) [custom_components.smarthuisje.coordinator] WebSocket-verbinding gesloten: sent 1011 (internal error) keepalive ping timeout; no close frame received. Opnieuw verbinden...
2025-01-26 20:03:01.069 WARNING (MainThread) [custom_components.smarthuisje.coordinator] WebSocket-verbinding gesloten: sent 1011 (internal error) keepalive ping timeout; no close frame received. Opnieuw verbinden...
2025-01-26 20:03:46.382 WARNING (MainThread) [custom_components.smarthuisje.coordinator] WebSocket-verbinding gesloten: sent 1011 (internal error) keepalive ping timeout; no close frame received. Opnieuw verbinden...
2025-01-26 20:04:31.661 WARNING (MainThread) [custom_components.smarthuisje.coordinator] WebSocket-verbinding gesloten: sent 1011 (internal error) keepalive ping timeout; no close frame received. Opnieuw verbinden...
2025-01-26 20:05:16.959 WARNING (MainThread) [custom_components.smarthuisje.coordinator] WebSocket-verbinding gesloten: sent 1011 (internal error) keepalive ping timeout; no close frame received. Opnieuw verbinden...
2025-01-26 20:06:02.247 WARNING (MainThread) [custom_components.smarthuisje.coordinator] WebSocket-verbinding gesloten: sent 1011 (internal error) keepalive ping timeout; no close frame received. Opnieuw verbinden...
2025-01-26 20:06:47.520 WARNING (MainThread) [custom_components.smarthuisje.coordinator] WebSocket-verbinding gesloten: sent 1011 (internal error) keepalive ping timeout; no close frame received. Opnieuw verbinden...
2025-01-26 20:07:32.810 WARNING (MainThread) [custom_components.smarthuisje.coordinator] WebSocket-verbinding gesloten: sent 1011 (internal error) keepalive ping timeout; no close frame received. Opnieuw verbinden...
2025-01-26 20:08:18.091 WARNING (MainThread) [custom_components.smarthuisje.coordinator] WebSocket-verbinding gesloten: sent 1011 (internal error) keepalive ping timeout; no close frame received. Opnieuw verbinden...
2025-01-26 20:09:03.381 WARNING (MainThread) [custom_components.smarthuisje.coordinator] WebSocket-verbinding gesloten: sent 1011 (internal error) keepalive ping timeout; no close frame received. Opnieuw verbinden...
2025-01-26 20:09:48.683 WARNING (MainThread) [custom_components.smarthuisje.coordinator] WebSocket-verbinding gesloten: sent 1011 (internal error) keepalive ping timeout; no close frame received. Opnieuw verbinden...
2025-01-26 20:10:33.971 WARNING (MainThread) [custom_components.smarthuisje.coordinator] WebSocket-verbinding gesloten: sent 1011 (internal error) keepalive ping timeout; no close frame received. Opnieuw verbinden...
2025-01-26 20:11:19.282 WARNING (MainThread) [custom_components.smarthuisje.coordinator] WebSocket-verbinding gesloten: sent 1011 (internal error) keepalive ping timeout; no close frame received. Opnieuw verbinden...
2025-01-26 20:12:04.583 WARNING (MainThread) [custom_components.smarthuisje.coordinator] WebSocket-verbinding gesloten: sent 1011 (internal error) keepalive ping timeout; no close frame received. Opnieuw verbinden...
2025-01-26 20:12:49.906 WARNING (MainThread) [custom_components.smarthuisje.coordinator] WebSocket-verbinding gesloten: sent 1011 (internal error) keepalive ping timeout; no close frame received. Opnieuw verbinden...
2025-01-26 20:13:35.215 WARNING (MainThread) [custom_components.smarthuisje.coordinator] WebSocket-verbinding gesloten: sent 1011 (internal error) keepalive ping timeout; no close frame received. Opnieuw verbinden...
2025-01-26 20:14:20.538 WARNING (MainThread) [custom_components.smarthuisje.coordinator] WebSocket-verbinding gesloten: sent 1011 (internal error) keepalive ping timeout; no close frame received. Opnieuw verbinden...
2025-01-26 20:15:05.798 WARNING (MainThread) [custom_components.smarthuisje.coordinator] WebSocket-verbinding gesloten: sent 1011 (internal error) keepalive ping timeout; no close frame received. Opnieuw verbinden...
2025-01-26 20:15:51.089 WARNING (MainThread) [custom_components.smarthuisje.coordinator] WebSocket-verbinding gesloten: sent 1011 (internal error) keepalive ping timeout; no close frame received. Opnieuw verbinden...
2025-01-26 20:16:36.380 WARNING (MainThread) [custom_components.smarthuisje.coordinator] WebSocket-verbinding gesloten: sent 1011 (internal error) keepalive ping timeout; no close frame received. Opnieuw verbinden...
2025-01-26 20:17:21.680 WARNING (MainThread) [custom_components.smarthuisje.coordinator] WebSocket-verbinding gesloten: sent 1011 (internal error) keepalive ping timeout; no close frame received. Opnieuw verbinden...
2025-01-26 20:18:06.993 WARNING (MainThread) [custom_components.smarthuisje.coordinator] WebSocket-verbinding gesloten: sent 1011 (internal error) keepalive ping timeout; no close frame received. Opnieuw verbinden...
2025-01-26 20:18:52.258 WARNING (MainThread) [custom_components.smarthuisje.coordinator] WebSocket-verbinding gesloten: sent 1011 (internal error) keepalive ping timeout; no close frame received. Opnieuw verbinden...
2025-01-26 20:19:37.551 WARNING (MainThread) [custom_components.smarthuisje.coordinator] WebSocket-verbinding gesloten: sent 1011 (internal error) keepalive ping timeout; no close frame received. Opnieuw verbinden...
2025-01-26 20:20:22.840 WARNING (MainThread) [custom_components.smarthuisje.coordinator] WebSocket-verbinding gesloten: sent 1011 (internal error) keepalive ping timeout; no close frame received. Opnieuw verbinden...
2025-01-26 20:21:08.130 WARNING (MainThread) [custom_components.smarthuisje.coordinator] WebSocket-verbinding gesloten: sent 1011 (internal error) keepalive ping timeout; no close frame received. Opnieuw verbinden...
2025-01-26 20:21:53.443 WARNING (MainThread) [custom_components.smarthuisje.coordinator] WebSocket-verbinding gesloten: sent 1011 (internal error) keepalive ping timeout; no close frame received. Opnieuw verbinden...
2025-01-26 20:22:38.751 WARNING (MainThread) [custom_components.smarthuisje.coordinator] WebSocket-verbinding gesloten: sent 1011 (internal error) keepalive ping timeout; no close frame received. Opnieuw verbinden...
2025-01-26 20:23:24.047 WARNING (MainThread) [custom_components.smarthuisje.coordinator] WebSocket-verbinding gesloten: sent 1011 (internal error) keepalive ping timeout; no close frame received. Opnieuw verbinden...
2025-01-26 20:24:09.342 WARNING (MainThread) [custom_components.smarthuisje.coordinator] WebSocket-verbinding gesloten: sent 1011 (internal error) keepalive ping timeout; no close frame received. Opnieuw verbinden...
2025-01-26 20:24:54.644 WARNING (MainThread) [custom_components.smarthuisje.coordinator] WebSocket-verbinding gesloten: sent 1011 (internal error) keepalive ping timeout; no close frame received. Opnieuw verbinden...
2025-01-26 20:25:39.933 WARNING (MainThread) [custom_components.smarthuisje.coordinator] WebSocket-verbinding gesloten: sent 1011 (internal error) keepalive ping timeout; no close frame received. Opnieuw verbinden...
2025-01-26 20:26:25.259 WARNING (MainThread) [custom_components.smarthuisje.coordinator] WebSocket-verbinding gesloten: sent 1011 (internal error) keepalive ping timeout; no close frame received. Opnieuw verbinden...
2025-01-26 20:27:10.564 WARNING (MainThread) [custom_components.smarthuisje.coordinator] WebSocket-verbinding gesloten: sent 1011 (internal error) keepalive ping timeout; no close frame received. Opnieuw verbinden...
2025-01-26 20:27:55.856 WARNING (MainThread) [custom_components.smarthuisje.coordinator] WebSocket-verbinding gesloten: sent 1011 (internal error) keepalive ping timeout; no close frame received. Opnieuw verbinden...
2025-01-26 20:28:41.147 WARNING (MainThread) [custom_components.smarthuisje.coordinator] WebSocket-verbinding gesloten: sent 1011 (internal error) keepalive ping timeout; no close frame received. Opnieuw verbinden...
2025-01-26 20:29:26.464 WARNING (MainThread) [custom_components.smarthuisje.coordinator] WebSocket-verbinding gesloten: sent 1011 (internal error) keepalive ping timeout; no close frame received. Opnieuw verbinden...
2025-01-26 20:30:11.784 WARNING (MainThread) [custom_components.smarthuisje.coordinator] WebSocket-verbinding gesloten: sent 1011 (internal error) keepalive ping timeout; no close frame received. Opnieuw verbinden...
2025-01-26 20:30:57.066 WARNING (MainThread) [custom_components.smarthuisje.coordinator] WebSocket-verbinding gesloten: sent 1011 (internal error) keepalive ping timeout; no close frame received. Opnieuw verbinden...
2025-01-26 20:31:42.363 WARNING (MainThread) [custom_components.smarthuisje.coordinator] WebSocket-verbinding gesloten: sent 1011 (internal error) keepalive ping timeout; no close frame received. Opnieuw verbinden...
2025-01-26 20:32:27.689 WARNING (MainThread) [custom_components.smarthuisje.coordinator] WebSocket-verbinding gesloten: sent 1011 (internal error) keepalive ping timeout; no close frame received. Opnieuw verbinden...
2025-01-26 20:33:12.997 WARNING (MainThread) [custom_components.smarthuisje.coordinator] WebSocket-verbinding gesloten: sent 1011 (internal error) keepalive ping timeout; no close frame received. Opnieuw verbinden...
2025-01-26 20:33:58.309 WARNING (MainThread) [custom_components.smarthuisje.coordinator] WebSocket-verbinding gesloten: sent 1011 (internal error) keepalive ping timeout; no close frame received. Opnieuw verbinden...
2025-01-26 20:34:43.615 WARNING (MainThread) [custom_components.smarthuisje.coordinator] WebSocket-verbinding gesloten: sent 1011 (internal error) keepalive ping timeout; no close frame received. Opnieuw verbinden...
2025-01-26 20:35:28.919 WARNING (MainThread) [custom_components.smarthuisje.coordinator] WebSocket-verbinding gesloten: sent 1011 (internal error) keepalive ping timeout; no close frame received. Opnieuw verbinden...
2025-01-26 20:36:14.241 WARNING (MainThread) [custom_components.smarthuisje.coordinator] WebSocket-verbinding gesloten: sent 1011 (internal error) keepalive ping timeout; no close frame received. Opnieuw verbinden...
2025-01-26 20:36:59.526 WARNING (MainThread) [custom_components.smarthuisje.coordinator] WebSocket-verbinding gesloten: sent 1011 (internal error) keepalive ping timeout; no close frame received. Opnieuw verbinden...
2025-01-26 20:37:44.790 WARNING (MainThread) [custom_components.smarthuisje.coordinator] WebSocket-verbinding gesloten: sent 1011 (internal error) keepalive ping timeout; no close frame received. Opnieuw verbinden...
2025-01-26 20:38:30.093 WARNING (MainThread) [custom_components.smarthuisje.coordinator] WebSocket-verbinding gesloten: sent 1011 (internal error) keepalive ping timeout; no close frame received. Opnieuw verbinden...
2025-01-26 20:39:15.391 WARNING (MainThread) [custom_components.smarthuisje.coordinator] WebSocket-verbinding gesloten: sent 1011 (internal error) keepalive ping timeout; no close frame received. Opnieuw verbinden...
2025-01-26 20:40:00.690 WARNING (MainThread) [custom_components.smarthuisje.coordinator] WebSocket-verbinding gesloten: sent 1011 (internal error) keepalive ping timeout; no close frame received. Opnieuw verbinden...
2025-01-26 20:40:46.012 WARNING (MainThread) [custom_components.smarthuisje.coordinator] WebSocket-verbinding gesloten: sent 1011 (internal error) keepalive ping timeout; no close frame received. Opnieuw verbinden...
2025-01-26 20:41:31.318 WARNING (MainThread) [custom_components.smarthuisje.coordinator] WebSocket-verbinding gesloten: sent 1011 (internal error) keepalive ping timeout; no close frame received. Opnieuw verbinden...
2025-01-26 20:42:16.603 WARNING (MainThread) [custom_components.smarthuisje.coordinator] WebSocket-verbinding gesloten: sent 1011 (internal error) keepalive ping timeout; no close frame received. Opnieuw verbinden...
2025-01-26 20:43:01.895 WARNING (MainThread) [custom_components.smarthuisje.coordinator] WebSocket-verbinding gesloten: sent 1011 (internal error) keepalive ping timeout; no close frame received. Opnieuw verbinden...
2025-01-26 20:43:47.214 WARNING (MainThread) [custom_components.smarthuisje.coordinator] WebSocket-verbinding gesloten: sent 1011 (internal error) keepalive ping timeout; no close frame received. Opnieuw verbinden...
2025-01-26 20:44:32.483 WARNING (MainThread) [custom_components.smarthuisje.coordinator] WebSocket-verbinding gesloten: sent 1011 (internal error) keepalive ping timeout; no close frame received. Opnieuw verbinden...
2025-01-26 20:45:17.786 WARNING (MainThread) [custom_components.smarthuisje.coordinator] WebSocket-verbinding gesloten: sent 1011 (internal error) keepalive ping timeout; no close frame received. Opnieuw verbinden...
2025-01-26 20:46:03.076 WARNING (MainThread) [custom_components.smarthuisje.coordinator] WebSocket-verbinding gesloten: sent 1011 (internal error) keepalive ping timeout; no close frame received. Opnieuw verbinden...
2025-01-26 20:46:48.376 WARNING (MainThread) [custom_components.smarthuisje.coordinator] WebSocket-verbinding gesloten: sent 1011 (internal error) keepalive ping timeout; no close frame received. Opnieuw verbinden...
2025-01-26 20:47:33.668 WARNING (MainThread) [custom_components.smarthuisje.coordinator] WebSocket-verbinding gesloten: sent 1011 (internal error) keepalive ping timeout; no close frame received. Opnieuw verbinden...
2025-01-26 20:48:18.937 WARNING (MainThread) [custom_components.smarthuisje.coordinator] WebSocket-verbinding gesloten: sent 1011 (internal error) keepalive ping timeout; no close frame received. Opnieuw verbinden...
2025-01-26 20:49:04.240 WARNING (MainThread) [custom_components.smarthuisje.coordinator] WebSocket-verbinding gesloten: sent 1011 (internal error) keepalive ping timeout; no close frame received. Opnieuw verbinden...
2025-01-26 20:49:49.528 WARNING (MainThread) [custom_components.smarthuisje.coordinator] WebSocket-verbinding gesloten: sent 1011 (internal error) keepalive ping timeout; no close frame received. Opnieuw verbinden...
2025-01-26 20:50:34.821 WARNING (MainThread) [custom_components.smarthuisje.coordinator] WebSocket-verbinding gesloten: sent 1011 (internal error) keepalive ping timeout; no close frame received. Opnieuw verbinden...
2025-01-26 20:51:20.091 WARNING (MainThread) [custom_components.smarthuisje.coordinator] WebSocket-verbinding gesloten: sent 1011 (internal error) keepalive ping timeout; no close frame received. Opnieuw verbinden...
2025-01-26 20:52:05.398 WARNING (MainThread) [custom_components.smarthuisje.coordinator] WebSocket-verbinding gesloten: sent 1011 (internal error) keepalive ping timeout; no close frame received. Opnieuw verbinden...
2025-01-26 20:52:50.719 WARNING (MainThread) [custom_components.smarthuisje.coordinator] WebSocket-verbinding gesloten: sent 1011 (internal error) keepalive ping timeout; no close frame received. Opnieuw verbinden...
2025-01-26 20:53:36.009 WARNING (MainThread) [custom_components.smarthuisje.coordinator] WebSocket-verbinding gesloten: sent 1011 (internal error) keepalive ping timeout; no close frame received. Opnieuw verbinden...
2025-01-26 20:54:21.299 WARNING (MainThread) [custom_components.smarthuisje.coordinator] WebSocket-verbinding gesloten: sent 1011 (internal error) keepalive ping timeout; no close frame received. Opnieuw verbinden...
2025-01-26 20:55:06.579 WARNING (MainThread) [custom_components.smarthuisje.coordinator] WebSocket-verbinding gesloten: sent 1011 (internal error) keepalive ping timeout; no close frame received. Opnieuw verbinden...
2025-01-26 20:55:51.881 WARNING (MainThread) [custom_components.smarthuisje.coordinator] WebSocket-verbinding gesloten: sent 1011 (internal error) keepalive ping timeout; no close frame received. Opnieuw verbinden...
2025-01-26 20:56:37.171 WARNING (MainThread) [custom_components.smarthuisje.coordinator] WebSocket-verbinding gesloten: sent 1011 (internal error) keepalive ping timeout; no close frame received. Opnieuw verbinden...
2025-01-26 20:57:22.479 WARNING (MainThread) [custom_components.smarthuisje.coordinator] WebSocket-verbinding gesloten: sent 1011 (internal error) keepalive ping timeout; no close frame received. Opnieuw verbinden...
2025-01-26 20:58:07.780 WARNING (MainThread) [custom_components.smarthuisje.coordinator] WebSocket-verbinding gesloten: sent 1011 (internal error) keepalive ping timeout; no close frame received. Opnieuw verbinden...
2025-01-26 20:58:53.095 WARNING (MainThread) [custom_components.smarthuisje.coordinator] WebSocket-verbinding gesloten: sent 1011 (internal error) keepalive ping timeout; no close frame received. Opnieuw verbinden...
2025-01-26 20:59:38.384 WARNING (MainThread) [custom_components.smarthuisje.coordinator] WebSocket-verbinding gesloten: sent 1011 (internal error) keepalive ping timeout; no close frame received. Opnieuw verbinden...
2025-01-26 21:00:23.682 WARNING (MainThread) [custom_components.smarthuisje.coordinator] WebSocket-verbinding gesloten: sent 1011 (internal error) keepalive ping timeout; no close frame received. Opnieuw verbinden...
2025-01-26 21:01:08.973 WARNING (MainThread) [custom_components.smarthuisje.coordinator] WebSocket-verbinding gesloten: sent 1011 (internal error) keepalive ping timeout; no close frame received. Opnieuw verbinden...
2025-01-26 21:01:54.253 WARNING (MainThread) [custom_components.smarthuisje.coordinator] WebSocket-verbinding gesloten: sent 1011 (internal error) keepalive ping timeout; no close frame received. Opnieuw verbinden...
2025-01-26 21:02:39.557 WARNING (MainThread) [custom_components.smarthuisje.coordinator] WebSocket-verbinding gesloten: sent 1011 (internal error) keepalive ping timeout; no close frame received. Opnieuw verbinden...
2025-01-26 21:03:24.844 WARNING (MainThread) [custom_components.smarthuisje.coordinator] WebSocket-verbinding gesloten: sent 1011 (internal error) keepalive ping timeout; no close frame received. Opnieuw verbinden...
2025-01-26 21:04:10.138 WARNING (MainThread) [custom_components.smarthuisje.coordinator] WebSocket-verbinding gesloten: sent 1011 (internal error) keepalive ping timeout; no close frame received. Opnieuw verbinden...
2025-01-26 21:04:55.432 WARNING (MainThread) [custom_components.smarthuisje.coordinator] WebSocket-verbinding gesloten: sent 1011 (internal error) keepalive ping timeout; no close frame received. Opnieuw verbinden...
2025-01-26 21:05:40.725 WARNING (MainThread) [custom_components.smarthuisje.coordinator] WebSocket-verbinding gesloten: sent 1011 (internal error) keepalive ping timeout; no close frame received. Opnieuw verbinden...
2025-01-26 21:06:26.034 WARNING (MainThread) [custom_components.smarthuisje.coordinator] WebSocket-verbinding gesloten: sent 1011 (internal error) keepalive ping timeout; no close frame received. Opnieuw verbinden...
2025-01-26 21:07:11.347 WARNING (MainThread) [custom_components.smarthuisje.coordinator] WebSocket-verbinding gesloten: sent 1011 (internal error) keepalive ping timeout; no close frame received. Opnieuw verbinden...
2025-01-26 21:07:56.647 WARNING (MainThread) [custom_components.smarthuisje.coordinator] WebSocket-verbinding gesloten: sent 1011 (internal error) keepalive ping timeout; no close frame received. Opnieuw verbinden...
2025-01-26 21:08:41.966 WARNING (MainThread) [custom_components.smarthuisje.coordinator] WebSocket-verbinding gesloten: sent 1011 (internal error) keepalive ping timeout; no close frame received. Opnieuw verbinden...
2025-01-26 21:09:27.255 WARNING (MainThread) [custom_components.smarthuisje.coordinator] WebSocket-verbinding gesloten: sent 1011 (internal error) keepalive ping timeout; no close frame received. Opnieuw verbinden...
2025-01-26 21:10:12.577 WARNING (MainThread) [custom_components.smarthuisje.coordinator] WebSocket-verbinding gesloten: sent 1011 (internal error) keepalive ping timeout; no close frame received. Opnieuw verbinden...
2025-01-26 21:10:57.889 WARNING (MainThread) [custom_components.smarthuisje.coordinator] WebSocket-verbinding gesloten: sent 1011 (internal error) keepalive ping timeout; no close frame received. Opnieuw verbinden...
2025-01-26 21:11:43.190 WARNING (MainThread) [custom_components.smarthuisje.coordinator] WebSocket-verbinding gesloten: sent 1011 (internal error) keepalive ping timeout; no close frame received. Opnieuw verbinden...
2025-01-26 21:12:28.459 WARNING (MainThread) [custom_components.smarthuisje.coordinator] WebSocket-verbinding gesloten: sent 1011 (internal error) keepalive ping timeout; no close frame received. Opnieuw verbinden...
2025-01-26 21:13:13.760 WARNING (MainThread) [custom_components.smarthuisje.coordinator] WebSocket-verbinding gesloten: sent 1011 (internal error) keepalive ping timeout; no close frame received. Opnieuw verbinden...
2025-01-26 21:13:59.081 WARNING (MainThread) [custom_components.smarthuisje.coordinator] WebSocket-verbinding gesloten: sent 1011 (internal error) keepalive ping timeout; no close frame received. Opnieuw verbinden...
2025-01-26 21:14:44.380 WARNING (MainThread) [custom_components.smarthuisje.coordinator] WebSocket-verbinding gesloten: sent 1011 (internal error) keepalive ping timeout; no close frame received. Opnieuw verbinden...
2025-01-26 21:15:29.682 WARNING (MainThread) [custom_components.smarthuisje.coordinator] WebSocket-verbinding gesloten: sent 1011 (internal error) keepalive ping timeout; no close frame received. Opnieuw verbinden...
2025-01-26 21:16:14.970 WARNING (MainThread) [custom_components.smarthuisje.coordinator] WebSocket-verbinding gesloten: sent 1011 (internal error) keepalive ping timeout; no close frame received. Opnieuw verbinden...
2025-01-26 21:17:00.251 WARNING (MainThread) [custom_components.smarthuisje.coordinator] WebSocket-verbinding gesloten: sent 1011 (internal error) keepalive ping timeout; no close frame received. Opnieuw verbinden...
2025-01-26 21:17:45.556 WARNING (MainThread) [custom_components.smarthuisje.coordinator] WebSocket-verbinding gesloten: sent 1011 (internal error) keepalive ping timeout; no close frame received. Opnieuw verbinden...
2025-01-26 21:18:30.853 WARNING (MainThread) [custom_components.smarthuisje.coordinator] WebSocket-verbinding gesloten: sent 1011 (internal error) keepalive ping timeout; no close frame received. Opnieuw verbinden...
2025-01-26 21:19:16.142 WARNING (MainThread) [custom_components.smarthuisje.coordinator] WebSocket-verbinding gesloten: sent 1011 (internal error) keepalive ping timeout; no close frame received. Opnieuw verbinden...
2025-01-26 21:20:01.453 WARNING (MainThread) [custom_components.smarthuisje.coordinator] WebSocket-verbinding gesloten: sent 1011 (internal error) keepalive ping timeout; no close frame received. Opnieuw verbinden...
2025-01-26 21:20:46.764 WARNING (MainThread) [custom_components.smarthuisje.coordinator] WebSocket-verbinding gesloten: sent 1011 (internal error) keepalive ping timeout; no close frame received. Opnieuw verbinden...
2025-01-26 21:21:32.060 WARNING (MainThread) [custom_components.smarthuisje.coordinator] WebSocket-verbinding gesloten: sent 1011 (internal error) keepalive ping timeout; no close frame received. Opnieuw verbinden...
2025-01-26 21:22:17.364 WARNING (MainThread) [custom_components.smarthuisje.coordinator] WebSocket-verbinding gesloten: sent 1011 (internal error) keepalive ping timeout; no close frame received. Opnieuw verbinden...
2025-01-26 21:23:02.667 WARNING (MainThread) [custom_components.smarthuisje.coordinator] WebSocket-verbinding gesloten: sent 1011 (internal error) keepalive ping timeout; no close frame received. Opnieuw verbinden...
2025-01-26 21:23:47.951 WARNING (MainThread) [custom_components.smarthuisje.coordinator] WebSocket-verbinding gesloten: sent 1011 (internal error) keepalive ping timeout; no close frame received. Opnieuw verbinden...
2025-01-26 21:24:33.243 WARNING (MainThread) [custom_components.smarthuisje.coordinator] WebSocket-verbinding gesloten: sent 1011 (internal error) keepalive ping timeout; no close frame received. Opnieuw verbinden...
2025-01-26 21:25:18.532 WARNING (MainThread) [custom_components.smarthuisje.coordinator] WebSocket-verbinding gesloten: sent 1011 (internal error) keepalive ping timeout; no close frame received. Opnieuw verbinden...
2025-01-26 21:26:03.855 WARNING (MainThread) [custom_components.smarthuisje.coordinator] WebSocket-verbinding gesloten: sent 1011 (internal error) keepalive ping timeout; no close frame received. Opnieuw verbinden...
2025-01-26 21:26:49.155 WARNING (MainThread) [custom_components.smarthuisje.coordinator] WebSocket-verbinding gesloten: sent 1011 (internal error) keepalive ping timeout; no close frame received. Opnieuw verbinden...
2025-01-26 21:27:34.465 WARNING (MainThread) [custom_components.smarthuisje.coordinator] WebSocket-verbinding gesloten: sent 1011 (internal error) keepalive ping timeout; no close frame received. Opnieuw verbinden...
2025-01-26 21:28:19.776 WARNING (MainThread) [custom_components.smarthuisje.coordinator] WebSocket-verbinding gesloten: sent 1011 (internal error) keepalive ping timeout; no close frame received. Opnieuw verbinden...
2025-01-26 21:29:05.084 WARNING (MainThread) [custom_components.smarthuisje.coordinator] WebSocket-verbinding gesloten: sent 1011 (internal error) keepalive ping timeout; no close frame received. Opnieuw verbinden...
2025-01-26 21:29:50.399 WARNING (MainThread) [custom_components.smarthuisje.coordinator] WebSocket-verbinding gesloten: sent 1011 (internal error) keepalive ping timeout; no close frame received. Opnieuw verbinden...
2025-01-26 21:30:35.692 WARNING (MainThread) [custom_components.smarthuisje.coordinator] WebSocket-verbinding gesloten: sent 1011 (internal error) keepalive ping timeout; no close frame received. Opnieuw verbinden...
2025-01-26 21:31:20.957 WARNING (MainThread) [custom_components.smarthuisje.coordinator] WebSocket-verbinding gesloten: sent 1011 (internal error) keepalive ping timeout; no close frame received. Opnieuw verbinden...
2025-01-26 21:32:06.249 WARNING (MainThread) [custom_components.smarthuisje.coordinator] WebSocket-verbinding gesloten: sent 1011 (internal error) keepalive ping timeout; no close frame received. Opnieuw verbinden...
2025-01-26 21:32:51.565 WARNING (MainThread) [custom_components.smarthuisje.coordinator] WebSocket-verbinding gesloten: sent 1011 (internal error) keepalive ping timeout; no close frame received. Opnieuw verbinden...
2025-01-26 21:33:36.868 WARNING (MainThread) [custom_components.smarthuisje.coordinator] WebSocket-verbinding gesloten: sent 1011 (internal error) keepalive ping timeout; no close frame received. Opnieuw verbinden...
2025-01-26 21:34:22.163 WARNING (MainThread) [custom_components.smarthuisje.coordinator] WebSocket-verbinding gesloten: sent 1011 (internal error) keepalive ping timeout; no close frame received. Opnieuw verbinden...
2025-01-26 21:35:07.460 WARNING (MainThread) [custom_components.smarthuisje.coordinator] WebSocket-verbinding gesloten: sent 1011 (internal error) keepalive ping timeout; no close frame received. Opnieuw verbinden...
2025-01-26 21:35:52.762 WARNING (MainThread) [custom_components.smarthuisje.coordinator] WebSocket-verbinding gesloten: sent 1011 (internal error) keepalive ping timeout; no close frame received. Opnieuw verbinden...
2025-01-26 21:36:38.061 WARNING (MainThread) [custom_components.smarthuisje.coordinator] WebSocket-verbinding gesloten: sent 1011 (internal error) keepalive ping timeout; no close frame received. Opnieuw verbinden...
2025-01-26 21:37:23.370 WARNING (MainThread) [custom_components.smarthuisje.coordinator] WebSocket-verbinding gesloten: sent 1011 (internal error) keepalive ping timeout; no close frame received. Opnieuw verbinden...
2025-01-26 21:38:08.669 WARNING (MainThread) [custom_components.smarthuisje.coordinator] WebSocket-verbinding gesloten: sent 1011 (internal error) keepalive ping timeout; no close frame received. Opnieuw verbinden...
2025-01-26 21:38:53.987 WARNING (MainThread) [custom_components.smarthuisje.coordinator] WebSocket-verbinding gesloten: sent 1011 (internal error) keepalive ping timeout; no close frame received. Opnieuw verbinden...
2025-01-26 21:39:39.240 WARNING (MainThread) [custom_components.smarthuisje.coordinator] WebSocket-verbinding gesloten: sent 1011 (internal error) keepalive ping timeout; no close frame received. Opnieuw verbinden...
2025-01-26 21:40:24.585 WARNING (MainThread) [custom_components.smarthuisje.coordinator] WebSocket-verbinding gesloten: sent 1011 (internal error) keepalive ping timeout; no close frame received. Opnieuw verbinden...
2025-01-26 21:41:09.813 WARNING (MainThread) [custom_components.smarthuisje.coordinator] WebSocket-verbinding gesloten: sent 1011 (internal error) keepalive ping timeout; no close frame received. Opnieuw verbinden...
2025-01-26 21:41:55.101 WARNING (MainThread) [custom_components.smarthuisje.coordinator] WebSocket-verbinding gesloten: sent 1011 (internal error) keepalive ping timeout; no close frame received. Opnieuw verbinden...
2025-01-26 21:42:40.406 WARNING (MainThread) [custom_components.smarthuisje.coordinator] WebSocket-verbinding gesloten: sent 1011 (internal error) keepalive ping timeout; no close frame received. Opnieuw verbinden...
2025-01-26 21:43:25.703 WARNING (MainThread) [custom_components.smarthuisje.coordinator] WebSocket-verbinding gesloten: sent 1011 (internal error) keepalive ping timeout; no close frame received. Opnieuw verbinden...
2025-01-26 21:44:10.983 WARNING (MainThread) [custom_components.smarthuisje.coordinator] WebSocket-verbinding gesloten: sent 1011 (internal error) keepalive ping timeout; no close frame received. Opnieuw verbinden...
2025-01-26 21:44:56.283 WARNING (MainThread) [custom_components.smarthuisje.coordinator] WebSocket-verbinding gesloten: sent 1011 (internal error) keepalive ping timeout; no close frame received. Opnieuw verbinden...
2025-01-26 21:45:41.583 WARNING (MainThread) [custom_components.smarthuisje.coordinator] WebSocket-verbinding gesloten: sent 1011 (internal error) keepalive ping timeout; no close frame received. Opnieuw verbinden...
2025-01-26 21:46:26.894 WARNING (MainThread) [custom_components.smarthuisje.coordinator] WebSocket-verbinding gesloten: sent 1011 (internal error) keepalive ping timeout; no close frame received. Opnieuw verbinden...
2025-01-26 21:47:12.185 WARNING (MainThread) [custom_components.smarthuisje.coordinator] WebSocket-verbinding gesloten: sent 1011 (internal error) keepalive ping timeout; no close frame received. Opnieuw verbinden...
2025-01-26 21:47:57.501 WARNING (MainThread) [custom_components.smarthuisje.coordinator] WebSocket-verbinding gesloten: sent 1011 (internal error) keepalive ping timeout; no close frame received. Opnieuw verbinden...
2025-01-26 21:48:42.805 WARNING (MainThread) [custom_components.smarthuisje.coordinator] WebSocket-verbinding gesloten: sent 1011 (internal error) keepalive ping timeout; no close frame received. Opnieuw verbinden...
2025-01-26 21:49:28.076 WARNING (MainThread) [custom_components.smarthuisje.coordinator] WebSocket-verbinding gesloten: sent 1011 (internal error) keepalive ping timeout; no close frame received. Opnieuw verbinden...
2025-01-26 21:50:13.392 WARNING (MainThread) [custom_components.smarthuisje.coordinator] WebSocket-verbinding gesloten: sent 1011 (internal error) keepalive ping timeout; no close frame received. Opnieuw verbinden...
2025-01-26 21:50:58.704 WARNING (MainThread) [custom_components.smarthuisje.coordinator] WebSocket-verbinding gesloten: sent 1011 (internal error) keepalive ping timeout; no close frame received. Opnieuw verbinden...
2025-01-26 21:51:43.986 WARNING (MainThread) [custom_components.smarthuisje.coordinator] WebSocket-verbinding gesloten: sent 1011 (internal error) keepalive ping timeout; no close frame received. Opnieuw verbinden...
2025-01-26 21:52:29.279 WARNING (MainThread) [custom_components.smarthuisje.coordinator] WebSocket-verbinding gesloten: sent 1011 (internal error) keepalive ping timeout; no close frame received. Opnieuw verbinden...
2025-01-26 21:53:14.561 WARNING (MainThread) [custom_components.smarthuisje.coordinator] WebSocket-verbinding gesloten: sent 1011 (internal error) keepalive ping timeout; no close frame received. Opnieuw verbinden...
2025-01-26 21:53:59.837 WARNING (MainThread) [custom_components.smarthuisje.coordinator] WebSocket-verbinding gesloten: sent 1011 (internal error) keepalive ping timeout; no close frame received. Opnieuw verbinden...
2025-01-26 21:54:45.141 WARNING (MainThread) [custom_components.smarthuisje.coordinator] WebSocket-verbinding gesloten: sent 1011 (internal error) keepalive ping timeout; no close frame received. Opnieuw verbinden...
2025-01-26 21:55:30.429 WARNING (MainThread) [custom_components.smarthuisje.coordinator] WebSocket-verbinding gesloten: sent 1011 (internal error) keepalive ping timeout; no close frame received. Opnieuw verbinden...
2025-01-26 21:56:15.736 WARNING (MainThread) [custom_components.smarthuisje.coordinator] WebSocket-verbinding gesloten: sent 1011 (internal error) keepalive ping timeout; no close frame received. Opnieuw verbinden...
2025-01-26 21:57:01.022 WARNING (MainThread) [custom_components.smarthuisje.coordinator] WebSocket-verbinding gesloten: sent 1011 (internal error) keepalive ping timeout; no close frame received. Opnieuw verbinden...
2025-01-26 21:57:46.331 WARNING (MainThread) [custom_components.smarthuisje.coordinator] WebSocket-verbinding gesloten: sent 1011 (internal error) keepalive ping timeout; no close frame received. Opnieuw verbinden...
2025-01-26 21:58:31.622 WARNING (MainThread) [custom_components.smarthuisje.coordinator] WebSocket-verbinding gesloten: sent 1011 (internal error) keepalive ping timeout; no close frame received. Opnieuw verbinden...
2025-01-26 21:59:16.934 WARNING (MainThread) [custom_components.smarthuisje.coordinator] WebSocket-verbinding gesloten: sent 1011 (internal error) keepalive ping timeout; no close frame received. Opnieuw verbinden...
2025-01-26 22:00:02.212 WARNING (MainThread) [custom_components.smarthuisje.coordinator] WebSocket-verbinding gesloten: sent 1011 (internal error) keepalive ping timeout; no close frame received. Opnieuw verbinden...
2025-01-26 22:00:47.533 WARNING (MainThread) [custom_components.smarthuisje.coordinator] WebSocket-verbinding gesloten: sent 1011 (internal error) keepalive ping timeout; no close frame received. Opnieuw verbinden...
2025-01-26 22:01:32.842 WARNING (MainThread) [custom_components.smarthuisje.coordinator] WebSocket-verbinding gesloten: sent 1011 (internal error) keepalive ping timeout; no close frame received. Opnieuw verbinden...
2025-01-26 22:02:18.165 WARNING (MainThread) [custom_components.smarthuisje.coordinator] WebSocket-verbinding gesloten: sent 1011 (internal error) keepalive ping timeout; no close frame received. Opnieuw verbinden...
2025-01-26 22:03:03.465 WARNING (MainThread) [custom_components.smarthuisje.coordinator] WebSocket-verbinding gesloten: sent 1011 (internal error) keepalive ping timeout; no close frame received. Opnieuw verbinden...
2025-01-26 22:03:48.777 WARNING (MainThread) [custom_components.smarthuisje.coordinator] WebSocket-verbinding gesloten: sent 1011 (internal error) keepalive ping timeout; no close frame received. Opnieuw verbinden...
2025-01-26 22:04:34.075 WARNING (MainThread) [custom_components.smarthuisje.coordinator] WebSocket-verbinding gesloten: sent 1011 (internal error) keepalive ping timeout; no close frame received. Opnieuw verbinden...
2025-01-26 22:05:19.354 WARNING (MainThread) [custom_components.smarthuisje.coordinator] WebSocket-verbinding gesloten: sent 1011 (internal error) keepalive ping timeout; no close frame received. Opnieuw verbinden...
2025-01-26 22:06:04.670 WARNING (MainThread) [custom_components.smarthuisje.coordinator] WebSocket-verbinding gesloten: sent 1011 (internal error) keepalive ping timeout; no close frame received. Opnieuw verbinden...
2025-01-26 22:06:49.950 WARNING (MainThread) [custom_components.smarthuisje.coordinator] WebSocket-verbinding gesloten: sent 1011 (internal error) keepalive ping timeout; no close frame received. Opnieuw verbinden...
2025-01-26 22:07:35.229 WARNING (MainThread) [custom_components.smarthuisje.coordinator] WebSocket-verbinding gesloten: sent 1011 (internal error) keepalive ping timeout; no close frame received. Opnieuw verbinden...
2025-01-26 22:08:20.536 WARNING (MainThread) [custom_components.smarthuisje.coordinator] WebSocket-verbinding gesloten: sent 1011 (internal error) keepalive ping timeout; no close frame received. Opnieuw verbinden...
2025-01-26 22:09:05.817 WARNING (MainThread) [custom_components.smarthuisje.coordinator] WebSocket-verbinding gesloten: sent 1011 (internal error) keepalive ping timeout; no close frame received. Opnieuw verbinden...
2025-01-26 22:09:51.099 WARNING (MainThread) [custom_components.smarthuisje.coordinator] WebSocket-verbinding gesloten: sent 1011 (internal error) keepalive ping timeout; no close frame received. Opnieuw verbinden...
2025-01-26 22:10:36.385 WARNING (MainThread) [custom_components.smarthuisje.coordinator] WebSocket-verbinding gesloten: sent 1011 (internal error) keepalive ping timeout; no close frame received. Opnieuw verbinden...
2025-01-26 22:11:21.679 WARNING (MainThread) [custom_components.smarthuisje.coordinator] WebSocket-verbinding gesloten: sent 1011 (internal error) keepalive ping timeout; no close frame received. Opnieuw verbinden...
2025-01-26 22:12:06.959 WARNING (MainThread) [custom_components.smarthuisje.coordinator] WebSocket-verbinding gesloten: sent 1011 (internal error) keepalive ping timeout; no close frame received. Opnieuw verbinden...
2025-01-26 22:12:52.264 WARNING (MainThread) [custom_components.smarthuisje.coordinator] WebSocket-verbinding gesloten: sent 1011 (internal error) keepalive ping timeout; no close frame received. Opnieuw verbinden...
2025-01-26 22:13:37.560 WARNING (MainThread) [custom_components.smarthuisje.coordinator] WebSocket-verbinding gesloten: sent 1011 (internal error) keepalive ping timeout; no close frame received. Opnieuw verbinden...
2025-01-26 22:14:22.862 WARNING (MainThread) [custom_components.smarthuisje.coordinator] WebSocket-verbinding gesloten: sent 1011 (internal error) keepalive ping timeout; no close frame received. Opnieuw verbinden...
2025-01-26 22:15:08.183 WARNING (MainThread) [custom_components.smarthuisje.coordinator] WebSocket-verbinding gesloten: sent 1011 (internal error) keepalive ping timeout; no close frame received. Opnieuw verbinden...
2025-01-26 22:15:53.482 WARNING (MainThread) [custom_components.smarthuisje.coordinator] WebSocket-verbinding gesloten: sent 1011 (internal error) keepalive ping timeout; no close frame received. Opnieuw verbinden...
2025-01-26 22:16:38.798 WARNING (MainThread) [custom_components.smarthuisje.coordinator] WebSocket-verbinding gesloten: sent 1011 (internal error) keepalive ping timeout; no close frame received. Opnieuw verbinden...
2025-01-26 22:17:24.082 WARNING (MainThread) [custom_components.smarthuisje.coordinator] WebSocket-verbinding gesloten: sent 1011 (internal error) keepalive ping timeout; no close frame received. Opnieuw verbinden...
2025-01-26 22:18:09.380 WARNING (MainThread) [custom_components.smarthuisje.coordinator] WebSocket-verbinding gesloten: sent 1011 (internal error) keepalive ping timeout; no close frame received. Opnieuw verbinden...
2025-01-26 22:18:54.698 WARNING (MainThread) [custom_components.smarthuisje.coordinator] WebSocket-verbinding gesloten: sent 1011 (internal error) keepalive ping timeout; no close frame received. Opnieuw verbinden...
2025-01-26 22:19:39.955 WARNING (MainThread) [custom_components.smarthuisje.coordinator] WebSocket-verbinding gesloten: sent 1011 (internal error) keepalive ping timeout; no close frame received. Opnieuw verbinden...
2025-01-26 22:20:25.263 WARNING (MainThread) [custom_components.smarthuisje.coordinator] WebSocket-verbinding gesloten: sent 1011 (internal error) keepalive ping timeout; no close frame received. Opnieuw verbinden...
2025-01-26 22:21:10.555 WARNING (MainThread) [custom_components.smarthuisje.coordinator] WebSocket-verbinding gesloten: sent 1011 (internal error) keepalive ping timeout; no close frame received. Opnieuw verbinden...
2025-01-26 22:21:55.836 WARNING (MainThread) [custom_components.smarthuisje.coordinator] WebSocket-verbinding gesloten: sent 1011 (internal error) keepalive ping timeout; no close frame received. Opnieuw verbinden...
2025-01-26 22:22:41.106 WARNING (MainThread) [custom_components.smarthuisje.coordinator] WebSocket-verbinding gesloten: sent 1011 (internal error) keepalive ping timeout; no close frame received. Opnieuw verbinden...
2025-01-26 22:23:26.373 WARNING (MainThread) [custom_components.smarthuisje.coordinator] WebSocket-verbinding gesloten: sent 1011 (internal error) keepalive ping timeout; no close frame received. Opnieuw verbinden...
2025-01-26 22:24:11.663 WARNING (MainThread) [custom_components.smarthuisje.coordinator] WebSocket-verbinding gesloten: sent 1011 (internal error) keepalive ping timeout; no close frame received. Opnieuw verbinden...
2025-01-26 22:24:56.954 WARNING (MainThread) [custom_components.smarthuisje.coordinator] WebSocket-verbinding gesloten: sent 1011 (internal error) keepalive ping timeout; no close frame received. Opnieuw verbinden...
2025-01-26 22:25:42.263 WARNING (MainThread) [custom_components.smarthuisje.coordinator] WebSocket-verbinding gesloten: sent 1011 (internal error) keepalive ping timeout; no close frame received. Opnieuw verbinden...
2025-01-26 22:26:27.525 WARNING (MainThread) [custom_components.smarthuisje.coordinator] WebSocket-verbinding gesloten: sent 1011 (internal error) keepalive ping timeout; no close frame received. Opnieuw verbinden...
2025-01-26 22:27:12.835 WARNING (MainThread) [custom_components.smarthuisje.coordinator] WebSocket-verbinding gesloten: sent 1011 (internal error) keepalive ping timeout; no close frame received. Opnieuw verbinden...
2025-01-26 22:27:58.118 WARNING (MainThread) [custom_components.smarthuisje.coordinator] WebSocket-verbinding gesloten: sent 1011 (internal error) keepalive ping timeout; no close frame received. Opnieuw verbinden...
2025-01-26 22:28:43.420 WARNING (MainThread) [custom_components.smarthuisje.coordinator] WebSocket-verbinding gesloten: sent 1011 (internal error) keepalive ping timeout; no close frame received. Opnieuw verbinden...
2025-01-26 22:29:28.729 WARNING (MainThread) [custom_components.smarthuisje.coordinator] WebSocket-verbinding gesloten: sent 1011 (internal error) keepalive ping timeout; no close frame received. Opnieuw verbinden...
2025-01-26 22:30:14.028 WARNING (MainThread) [custom_components.smarthuisje.coordinator] WebSocket-verbinding gesloten: sent 1011 (internal error) keepalive ping timeout; no close frame received. Opnieuw verbinden...
2025-01-26 22:30:59.339 WARNING (MainThread) [custom_components.smarthuisje.coordinator] WebSocket-verbinding gesloten: sent 1011 (internal error) keepalive ping timeout; no close frame received. Opnieuw verbinden...
2025-01-26 22:31:44.642 WARNING (MainThread) [custom_components.smarthuisje.coordinator] WebSocket-verbinding gesloten: sent 1011 (internal error) keepalive ping timeout; no close frame received. Opnieuw verbinden...
2025-01-26 22:32:29.949 WARNING (MainThread) [custom_components.smarthuisje.coordinator] WebSocket-verbinding gesloten: sent 1011 (internal error) keepalive ping timeout; no close frame received. Opnieuw verbinden...
2025-01-26 22:33:15.241 WARNING (MainThread) [custom_components.smarthuisje.coordinator] WebSocket-verbinding gesloten: sent 1011 (internal error) keepalive ping timeout; no close frame received. Opnieuw verbinden...
2025-01-26 22:34:00.561 WARNING (MainThread) [custom_components.smarthuisje.coordinator] WebSocket-verbinding gesloten: sent 1011 (internal error) keepalive ping timeout; no close frame received. Opnieuw verbinden...
2025-01-26 22:34:45.855 WARNING (MainThread) [custom_components.smarthuisje.coordinator] WebSocket-verbinding gesloten: sent 1011 (internal error) keepalive ping timeout; no close frame received. Opnieuw verbinden...
2025-01-26 22:35:31.140 WARNING (MainThread) [custom_components.smarthuisje.coordinator] WebSocket-verbinding gesloten: sent 1011 (internal error) keepalive ping timeout; no close frame received. Opnieuw verbinden...
2025-01-26 22:36:16.440 WARNING (MainThread) [custom_components.smarthuisje.coordinator] WebSocket-verbinding gesloten: sent 1011 (internal error) keepalive ping timeout; no close frame received. Opnieuw verbinden...
2025-01-26 22:37:01.763 WARNING (MainThread) [custom_components.smarthuisje.coordinator] WebSocket-verbinding gesloten: sent 1011 (internal error) keepalive ping timeout; no close frame received. Opnieuw verbinden...
2025-01-26 22:37:47.063 WARNING (MainThread) [custom_components.smarthuisje.coordinator] WebSocket-verbinding gesloten: sent 1011 (internal error) keepalive ping timeout; no close frame received. Opnieuw verbinden...
2025-01-26 22:38:32.334 WARNING (MainThread) [custom_components.smarthuisje.coordinator] WebSocket-verbinding gesloten: sent 1011 (internal error) keepalive ping timeout; no close frame received. Opnieuw verbinden...
2025-01-26 22:39:17.603 WARNING (MainThread) [custom_components.smarthuisje.coordinator] WebSocket-verbinding gesloten: sent 1011 (internal error) keepalive ping timeout; no close frame received. Opnieuw verbinden...
2025-01-26 22:40:02.891 WARNING (MainThread) [custom_components.smarthuisje.coordinator] WebSocket-verbinding gesloten: sent 1011 (internal error) keepalive ping timeout; no close frame received. Opnieuw verbinden...
2025-01-26 22:40:48.163 WARNING (MainThread) [custom_components.smarthuisje.coordinator] WebSocket-verbinding gesloten: sent 1011 (internal error) keepalive ping timeout; no close frame received. Opnieuw verbinden...
2025-01-26 22:41:33.463 WARNING (MainThread) [custom_components.smarthuisje.coordinator] WebSocket-verbinding gesloten: sent 1011 (internal error) keepalive ping timeout; no close frame received. Opnieuw verbinden...
2025-01-26 22:42:18.779 WARNING (MainThread) [custom_components.smarthuisje.coordinator] WebSocket-verbinding gesloten: sent 1011 (internal error) keepalive ping timeout; no close frame received. Opnieuw verbinden...
2025-01-26 22:43:04.076 WARNING (MainThread) [custom_components.smarthuisje.coordinator] WebSocket-verbinding gesloten: sent 1011 (internal error) keepalive ping timeout; no close frame received. Opnieuw verbinden...
2025-01-26 22:43:49.362 WARNING (MainThread) [custom_components.smarthuisje.coordinator] WebSocket-verbinding gesloten: sent 1011 (internal error) keepalive ping timeout; no close frame received. Opnieuw verbinden...
2025-01-26 22:44:34.668 WARNING (MainThread) [custom_components.smarthuisje.coordinator] WebSocket-verbinding gesloten: sent 1011 (internal error) keepalive ping timeout; no close frame received. Opnieuw verbinden...
2025-01-26 22:45:19.975 WARNING (MainThread) [custom_components.smarthuisje.coordinator] WebSocket-verbinding gesloten: sent 1011 (internal error) keepalive ping timeout; no close frame received. Opnieuw verbinden...
2025-01-26 22:46:05.276 WARNING (MainThread) [custom_components.smarthuisje.coordinator] WebSocket-verbinding gesloten: sent 1011 (internal error) keepalive ping timeout; no close frame received. Opnieuw verbinden...
2025-01-26 22:46:50.547 WARNING (MainThread) [custom_components.smarthuisje.coordinator] WebSocket-verbinding gesloten: sent 1011 (internal error) keepalive ping timeout; no close frame received. Opnieuw verbinden...
2025-01-26 22:47:35.839 WARNING (MainThread) [custom_components.smarthuisje.coordinator] WebSocket-verbinding gesloten: sent 1011 (internal error) keepalive ping timeout; no close frame received. Opnieuw verbinden...
2025-01-26 22:48:21.103 WARNING (MainThread) [custom_components.smarthuisje.coordinator] WebSocket-verbinding gesloten: sent 1011 (internal error) keepalive ping timeout; no close frame received. Opnieuw verbinden...
2025-01-26 22:49:06.370 WARNING (MainThread) [custom_components.smarthuisje.coordinator] WebSocket-verbinding gesloten: sent 1011 (internal error) keepalive ping timeout; no close frame received. Opnieuw verbinden...
2025-01-26 22:49:51.660 WARNING (MainThread) [custom_components.smarthuisje.coordinator] WebSocket-verbinding gesloten: sent 1011 (internal error) keepalive ping timeout; no close frame received. Opnieuw verbinden...
2025-01-26 22:50:36.953 WARNING (MainThread) [custom_components.smarthuisje.coordinator] WebSocket-verbinding gesloten: sent 1011 (internal error) keepalive ping timeout; no close frame received. Opnieuw verbinden...
2025-01-26 22:51:06.473 WARNING (MainThread) [custom_components.smarthuisje.coordinator] WebSocket-verbinding gesloten: no close frame received or sent. Opnieuw verbinden...
2025-01-26 22:51:52.467 WARNING (MainThread) [custom_components.smarthuisje.coordinator] WebSocket-verbinding gesloten: sent 1011 (internal error) keepalive ping timeout; no close frame received. Opnieuw verbinden...
2025-01-26 22:52:38.335 WARNING (MainThread) [custom_components.smarthuisje.coordinator] WebSocket-verbinding gesloten: sent 1011 (internal error) keepalive ping timeout; no close frame received. Opnieuw verbinden...
2025-01-26 22:53:24.217 WARNING (MainThread) [custom_components.smarthuisje.coordinator] WebSocket-verbinding gesloten: sent 1011 (internal error) keepalive ping timeout; no close frame received. Opnieuw verbinden...
2025-01-26 22:54:10.070 WARNING (MainThread) [custom_components.smarthuisje.coordinator] WebSocket-verbinding gesloten: sent 1011 (internal error) keepalive ping timeout; no close frame received. Opnieuw verbinden...
2025-01-26 22:54:55.902 WARNING (MainThread) [custom_components.smarthuisje.coordinator] WebSocket-verbinding gesloten: sent 1011 (internal error) keepalive ping timeout; no close frame received. Opnieuw verbinden...
